<?xml version="1.0" encoding="UTF-8"?>
<!-- Generated by org.testng.reporters.JUnitReportReporter -->
<testsuite hostname="AKKI" failures="0" tests="4" name="TestCases.LoginPageTest" time="12.608" errors="0" timestamp="2022-06-11T22:39:00 IST" skipped="3">
  <testcase classname="TestCases.LoginPageTest" name="loginToUpstoxTest" time="12.608"/>
  <system-out/>
  <testcase classname="TestCases.LoginPageTest" name="verifyloginTitleTest">
    <skipped/>
  </testcase> <!-- verifyloginTitleTest -->
  <system-out/>
  <testcase classname="TestCases.LoginPageTest" name="verifyupstoxlogotest">
    <skipped/>
  </testcase> <!-- verifyupstoxlogotest -->
  <system-out/>
  <testcase classname="TestCases.LoginPageTest" name="verifyUpstoxTitleTest">
    <skipped/>
  </testcase> <!-- verifyUpstoxTitleTest -->
  <system-out/>
</testsuite> <!-- TestCases.LoginPageTest -->
